[ INFO] [BYSXXGLXT] 2017-06-27 18:18:47: 0    [main] ( AbstractApplicationContext.java,514 ) - Refreshing org.springframework.context.support.ClassPathXmlApplicationContext@27ecd95f: startup date [Tue Jun 27 18:18:47 CST 2017]; root of context hierarchy
[ INFO] [BYSXXGLXT] 2017-06-27 18:18:47: 617  [main] ( XmlBeanDefinitionReader.java,317 ) - Loading XML bean definitions from class path resource [SpringContext.xml]
[ INFO] [BYSXXGLXT] 2017-06-27 18:18:52: 4881 [main] ( DefaultLifecycleProcessor.java,341 ) - Starting beans in phase 2147483647
[ INFO] [BYSXXGLXT] 2017-06-27 18:18:52: 5275 [main] ( SingleConnectionFactory.java,311 ) - Established shared JMS Connection: ActiveMQConnection {id=ID:lijiajia-51313-1498558732335-1:1,clientId=null,started=false}
[ INFO] [BYSXXGLXT] 2017-06-27 18:18:52: 5592 [ActiveMQ Task-1] ( FailoverTransport.java,1052 ) - Successfully connected to tcp://localhost:61616
[ INFO] [BYSXXGLXT] 2017-06-27 18:19:06: 18928 [main] ( ProducerServiceImpl.java,25 ) - ------生产者发送消息------
[ INFO] [BYSXXGLXT] 2017-06-27 18:19:06: 18928 [main] ( ProducerServiceImpl.java,26 ) - ------生产者发了一个消息：{"aps":{"alert":"公司欠缴五险一金 这类断缴\u201c有救\u201d吗？ ","sound":"default","badge":1},"purpose":"sfsecretary"}
[ INFO] [BYSXXGLXT] 2017-06-27 18:19:10: 22961 [org.springframework.jms.listener.DefaultMessageListenerContainer#0-1] ( ConsumerMessageListener.java,91 ) - 接收到一个纯文本消息.
[ INFO] [BYSXXGLXT] 2017-06-27 18:19:10: 22961 [org.springframework.jms.listener.DefaultMessageListenerContainer#0-1] ( ConsumerMessageListener.java,93 ) - 消息内容是：{"aps":{"alert":"公司欠缴五险一金 这类断缴\u201c有救\u201d吗？ ","sound":"default","badge":1},"purpose":"sfsecretary"}
[ INFO] [BYSXXGLXT] 2017-06-27 18:19:10: 23656 [main] ( App.java,19 ) - Hello World!
[ INFO] [BYSXXGLXT] 2017-06-27 18:19:16: 29563 [org.springframework.jms.listener.DefaultMessageListenerContainer#0-1] ( ApnsClientBuilder.java,370 ) - Native SSL provider is available and supports ALPN; will use native provider.
[ INFO] [BYSXXGLXT] 2017-06-27 18:19:20: 33719 [nioEventLoopGroup-3-1] ( ApnsClient.java,462 ) - Connected to api.push.apple.com/17.188.145.28:443.
[ INFO] [BYSXXGLXT] 2017-06-27 18:19:21: 33991 [nioEventLoopGroup-3-1] ( PushyUtils.java,74 ) - 42ba73c25d1a923fb693055872407c7303fe7c9ffb275a666b67f9146413e534 push success
[ INFO] [BYSXXGLXT] 2017-06-27 18:20:14: 0    [main] ( AbstractApplicationContext.java,514 ) - Refreshing org.springframework.context.support.ClassPathXmlApplicationContext@27ecd95f: startup date [Tue Jun 27 18:20:14 CST 2017]; root of context hierarchy
[ INFO] [BYSXXGLXT] 2017-06-27 18:20:14: 119  [main] ( XmlBeanDefinitionReader.java,317 ) - Loading XML bean definitions from class path resource [SpringContext.xml]
[ INFO] [BYSXXGLXT] 2017-06-27 18:20:17: 2822 [main] ( DefaultLifecycleProcessor.java,341 ) - Starting beans in phase 2147483647
[ INFO] [BYSXXGLXT] 2017-06-27 18:20:17: 3249 [main] ( SingleConnectionFactory.java,311 ) - Established shared JMS Connection: ActiveMQConnection {id=ID:lijiajia-51342-1498558817627-1:1,clientId=null,started=false}
[ INFO] [BYSXXGLXT] 2017-06-27 18:20:17: 3324 [ActiveMQ Task-1] ( FailoverTransport.java,1052 ) - Successfully connected to tcp://localhost:61616
[ INFO] [BYSXXGLXT] 2017-06-27 18:20:18: 3830 [main] ( ProducerServiceImpl.java,25 ) - ------生产者发送消息------
[ INFO] [BYSXXGLXT] 2017-06-27 18:20:18: 3831 [main] ( ProducerServiceImpl.java,26 ) - ------生产者发了一个消息：{"id":"0","d":"1","aps":{"sound":"default","alert":"政策放宽和加强监管并行 让公租房\u201c屋\u201c尽其用的的的的的","badge":1},"url":"http://m.fang.com/news/bj/0_25537349.html"}
[ INFO] [BYSXXGLXT] 2017-06-27 18:20:18: 4009 [main] ( App.java,19 ) - Hello World!
[ INFO] [BYSXXGLXT] 2017-06-27 18:20:18: 4009 [org.springframework.jms.listener.DefaultMessageListenerContainer#0-1] ( ConsumerMessageListener.java,91 ) - 接收到一个纯文本消息.
[ INFO] [BYSXXGLXT] 2017-06-27 18:20:18: 4009 [org.springframework.jms.listener.DefaultMessageListenerContainer#0-1] ( ConsumerMessageListener.java,93 ) - 消息内容是：{"id":"0","d":"1","aps":{"sound":"default","alert":"政策放宽和加强监管并行 让公租房\u201c屋\u201c尽其用的的的的的","badge":1},"url":"http://m.fang.com/news/bj/0_25537349.html"}
[ INFO] [BYSXXGLXT] 2017-06-27 18:20:19: 4997 [org.springframework.jms.listener.DefaultMessageListenerContainer#0-1] ( ApnsClientBuilder.java,370 ) - Native SSL provider is available and supports ALPN; will use native provider.
[ INFO] [BYSXXGLXT] 2017-06-27 18:20:20: 6349 [nioEventLoopGroup-3-1] ( ApnsClient.java,462 ) - Connected to api.push.apple.com/17.188.153.30:443.
[ INFO] [BYSXXGLXT] 2017-06-27 18:20:21: 7010 [nioEventLoopGroup-3-1] ( PushyUtils.java,74 ) - 42ba73c25d1a923fb693055872407c7303fe7c9ffb275a666b67f9146413e534 push success
